[12:26:46] [ServerMain/INFO]: Environment: authHost='https://authserver.mojang.com', accountsHost='https://api.mojang.com', sessionHost='https://sessionserver.mojang.com', servicesHost='https://api.minecraftservices.com', name='PROD'
[12:26:46] [ServerMain/INFO]: Found new data pack file/bukkit, loading it automatically
[12:26:47] [ServerMain/INFO]: Loaded 7 recipes
[12:26:48] [Server thread/INFO]: Starting minecraft server version 1.20.1
[12:26:48] [Server thread/INFO]: Loading properties
[12:26:48] [Server thread/INFO]: This server is running Paper version git-Paper-115 (MC: 1.20.1) (Implementing API version 1.20.1-R0.1-SNAPSHOT) (Git: 98c567f)
[12:26:48] [Server thread/INFO]: Using 4 threads for Netty based IO
[12:26:48] [Server thread/INFO]: Server Ping Player Sample Count: 12
[12:26:48] [Server thread/INFO]: [ChunkTaskScheduler] Chunk system is using 1 I/O threads, 5 worker threads, and gen parallelism of 5 threads
[12:26:48] [Server thread/WARN]: [!] The timings profiler has been enabled but has been scheduled for removal from Paper in the future.
    We recommend installing the spark profiler as a replacement: https://spark.lucko.me/
    For more information please visit: https://github.com/PaperMC/Paper/issues/8948
[12:26:48] [Server console handler/ERROR]: [TerminalConsole] Failed to read console input
java.io.IOException: The handle is invalid
	at java.io.FileInputStream.readBytes(Native Method) ~[?:?]
	at java.io.FileInputStream.read(FileInputStream.java:293) ~[?:?]
	at java.io.BufferedInputStream.read1(BufferedInputStream.java:311) ~[?:?]
	at java.io.BufferedInputStream.implRead(BufferedInputStream.java:386) ~[?:?]
	at java.io.BufferedInputStream.read(BufferedInputStream.java:365) ~[?:?]
	at sun.nio.cs.StreamDecoder.readBytes(StreamDecoder.java:333) ~[?:?]
	at sun.nio.cs.StreamDecoder.implRead(StreamDecoder.java:376) ~[?:?]
	at sun.nio.cs.StreamDecoder.lockedRead(StreamDecoder.java:219) ~[?:?]
	at sun.nio.cs.StreamDecoder.read(StreamDecoder.java:173) ~[?:?]
	at java.io.InputStreamReader.read(InputStreamReader.java:189) ~[?:?]
	at java.io.BufferedReader.fill(BufferedReader.java:161) ~[?:?]
	at java.io.BufferedReader.implReadLine(BufferedReader.java:371) ~[?:?]
	at java.io.BufferedReader.readLine(BufferedReader.java:348) ~[?:?]
	at java.io.BufferedReader.readLine(BufferedReader.java:437) ~[?:?]
	at net.minecrell.terminalconsole.SimpleTerminalConsole.readCommands(SimpleTerminalConsole.java:180) ~[terminalconsoleappender-1.3.0.jar:?]
	at net.minecrell.terminalconsole.SimpleTerminalConsole.start(SimpleTerminalConsole.java:143) ~[terminalconsoleappender-1.3.0.jar:?]
	at net.minecraft.server.dedicated.DedicatedServer$1.run(DedicatedServer.java:102) ~[paper-1.20.1.jar:git-Paper-115]
	Suppressed: java.io.IOException: The handle is invalid
		at java.io.FileDescriptor.close0(Native Method) ~[?:?]
		at java.io.FileDescriptor.close(FileDescriptor.java:293) ~[?:?]
		at java.io.FileInputStream$1.close(FileInputStream.java:523) ~[?:?]
		at java.io.FileDescriptor.closeAll(FileDescriptor.java:351) ~[?:?]
		at java.io.FileInputStream.close(FileInputStream.java:521) ~[?:?]
		at java.io.BufferedInputStream.close(BufferedInputStream.java:584) ~[?:?]
		at sun.nio.cs.StreamDecoder.implClose(StreamDecoder.java:428) ~[?:?]
		at sun.nio.cs.StreamDecoder.lockedClose(StreamDecoder.java:268) ~[?:?]
		at sun.nio.cs.StreamDecoder.close(StreamDecoder.java:253) ~[?:?]
		at java.io.InputStreamReader.close(InputStreamReader.java:204) ~[?:?]
		at java.io.BufferedReader.implClose(BufferedReader.java:637) ~[?:?]
		at java.io.BufferedReader.close(BufferedReader.java:622) ~[?:?]
		at net.minecrell.terminalconsole.SimpleTerminalConsole.readCommands(SimpleTerminalConsole.java:183) ~[terminalconsoleappender-1.3.0.jar:?]
		at net.minecrell.terminalconsole.SimpleTerminalConsole.start(SimpleTerminalConsole.java:143) ~[terminalconsoleappender-1.3.0.jar:?]
		at net.minecraft.server.dedicated.DedicatedServer$1.run(DedicatedServer.java:102) ~[paper-1.20.1.jar:git-Paper-115]
[12:26:48] [Server thread/INFO]: Default game type: SURVIVAL
[12:26:48] [Server thread/INFO]: Generating keypair
[12:26:48] [Server thread/INFO]: Starting Minecraft server on *:25565
[12:26:48] [Server thread/INFO]: Using default channel type
[12:26:48] [Server thread/INFO]: Paper: Using Java compression from Velocity.
[12:26:48] [Server thread/INFO]: Paper: Using Java cipher from Velocity.
[12:26:48] [Server thread/INFO]: Preparing level "world"
[12:26:51] [Server thread/INFO]: Preparing start region for dimension minecraft:overworld
[12:26:51] [Server thread/INFO]: Time elapsed: 55 ms
[12:26:51] [Server thread/INFO]: Preparing start region for dimension minecraft:the_nether
[12:26:51] [Server thread/INFO]: Time elapsed: 22 ms
[12:26:51] [Server thread/INFO]: Preparing start region for dimension minecraft:the_end
[12:26:51] [Server thread/INFO]: Time elapsed: 43 ms
[12:26:51] [Server thread/INFO]: Running delayed init tasks
[12:26:51] [Server thread/INFO]: Done (3.764s)! For help, type "help"
[12:26:51] [Server thread/INFO]: Timings Reset
[12:27:19] [Server thread/INFO]: Stopping the server
[12:27:19] [Server thread/INFO]: Stopping server
[12:27:19] [Server thread/INFO]: Saving players
[12:27:19] [Server thread/INFO]: Saving worlds
[12:27:19] [Server thread/INFO]: Saving chunks for level 'ServerLevel[world]'/minecraft:overworld
[12:27:19] [Server thread/INFO]: [ChunkHolderManager] Waiting 60s for chunk system to halt for world 'world'
[12:27:19] [Server thread/INFO]: [ChunkHolderManager] Halted chunk system for world 'world'
[12:27:19] [Server thread/INFO]: [ChunkHolderManager] Saving all chunkholders for world 'world'
[12:27:20] [Server thread/INFO]: [ChunkHolderManager] Saved 2025 block chunks, 529 entity chunks, 4 poi chunks in world 'world' in 0.99s
[12:27:20] [Server thread/INFO]: ThreadedAnvilChunkStorage (world): All chunks are saved
[12:27:20] [Server thread/INFO]: Saving chunks for level 'ServerLevel[world_nether]'/minecraft:the_nether
[12:27:20] [Server thread/INFO]: [ChunkHolderManager] Waiting 60s for chunk system to halt for world 'world_nether'
[12:27:20] [Server thread/INFO]: [ChunkHolderManager] Halted chunk system for world 'world_nether'
[12:27:20] [Server thread/INFO]: [ChunkHolderManager] Saving all chunkholders for world 'world_nether'
[12:27:21] [Server thread/INFO]: [ChunkHolderManager] Saved 2025 block chunks, 529 entity chunks, 0 poi chunks in world 'world_nether' in 0.61s
[12:27:21] [Server thread/INFO]: ThreadedAnvilChunkStorage (DIM-1): All chunks are saved
[12:27:21] [Server thread/INFO]: Saving chunks for level 'ServerLevel[world_the_end]'/minecraft:the_end
[12:27:21] [Server thread/INFO]: [ChunkHolderManager] Waiting 60s for chunk system to halt for world 'world_the_end'
[12:27:21] [Server thread/INFO]: [ChunkHolderManager] Halted chunk system for world 'world_the_end'
[12:27:21] [Server thread/INFO]: [ChunkHolderManager] Saving all chunkholders for world 'world_the_end'
[12:27:21] [Server thread/INFO]: [ChunkHolderManager] Saved 2025 block chunks, 529 entity chunks, 0 poi chunks in world 'world_the_end' in 0.21s
[12:27:21] [Server thread/INFO]: ThreadedAnvilChunkStorage (DIM1): All chunks are saved
[12:27:21] [Server thread/INFO]: ThreadedAnvilChunkStorage: All dimensions are saved
[12:27:21] [Server thread/INFO]: Flushing Chunk IO
[12:27:21] [Server thread/INFO]: Closing Thread Pool
[12:27:21] [Server thread/INFO]: Closing Server
